<?xml version="1.0" encoding="UTF-8"?>
<!-- Generated by org.testng.reporters.JUnitXMLReporter -->
<testsuite ignored="0" hostname="INLEN8520032203" failures="0" tests="4" name="Default test" time="1.632" errors="0" timestamp="2022-06-20T12:33:40 IST">
  <testcase classname="empolyeeTest.EmpolyeeTest" name="getMethod" time="1.449"/>
  <testcase classname="empolyeeTest.EmpolyeeTest" name="postMethod" time="0.061"/>
  <testcase classname="empolyeeTest.EmpolyeeTest" name="putMethod" time="0.034"/>
  <testcase classname="empolyeeTest.EmpolyeeTest" name="deleteMethod" time="0.046"/>
</testsuite> <!-- Default test -->
