<?xml version="1.0" encoding="UTF-8"?>
<testng-results ignored="0" total="4" passed="4" failed="0" skipped="0">
  <reporter-output>
  </reporter-output>
  <suite started-at="2022-06-20T12:33:39 IST" name="Default suite" finished-at="2022-06-20T12:33:40 IST" duration-ms="1632">
    <groups>
    </groups>
    <test started-at="2022-06-20T12:33:39 IST" name="Default test" finished-at="2022-06-20T12:33:40 IST" duration-ms="1632">
      <class name="empolyeeTest.EmpolyeeTest">
        <test-method signature="getMethod()[pri:0, instance:empolyeeTest.EmpolyeeTest@306cf3ea]" started-at="2022-06-20T12:33:39 IST" name="getMethod" finished-at="2022-06-20T12:33:40 IST" duration-ms="1449" status="PASS">
          <reporter-output>
          </reporter-output>
        </test-method> <!-- getMethod -->
        <test-method signature="postMethod()[pri:0, instance:empolyeeTest.EmpolyeeTest@306cf3ea]" started-at="2022-06-20T12:33:40 IST" name="postMethod" finished-at="2022-06-20T12:33:40 IST" duration-ms="61" status="PASS">
          <reporter-output>
          </reporter-output>
        </test-method> <!-- postMethod -->
        <test-method signature="putMethod()[pri:2, instance:empolyeeTest.EmpolyeeTest@306cf3ea]" started-at="2022-06-20T12:33:40 IST" name="putMethod" finished-at="2022-06-20T12:33:40 IST" duration-ms="34" status="PASS">
          <reporter-output>
          </reporter-output>
        </test-method> <!-- putMethod -->
        <test-method signature="deleteMethod()[pri:3, instance:empolyeeTest.EmpolyeeTest@306cf3ea]" started-at="2022-06-20T12:33:40 IST" name="deleteMethod" finished-at="2022-06-20T12:33:40 IST" duration-ms="46" status="PASS">
          <reporter-output>
          </reporter-output>
        </test-method> <!-- deleteMethod -->
      </class> <!-- empolyeeTest.EmpolyeeTest -->
    </test> <!-- Default test -->
  </suite> <!-- Default suite -->
</testng-results>
